C:\Microsoft Visual Studio\2022\Community\MSBuild\Microsoft\VC\v170\Microsoft.CppBuild.targets(495,5): warning MSB8004: Intermediate 目录未以斜杠结尾。  此生成实例将添加斜杠，因为必须有这个斜杠才能正确计算 Intermediate 目录。
C:\Microsoft Visual Studio\2022\Community\MSBuild\Microsoft\VC\v170\Microsoft.CppBuild.targets(496,5): warning MSB8004: Output 目录未以斜杠结尾。  此生成实例将添加斜杠，因为必须有这个斜杠才能正确计算 Output 目录。
  server1.1.cpp
F:\A3-git_repos\SOCKET\depends\includes\CELL.hpp(1,1): warning C4819: 该文件包含不能在当前代码页(936)中表示的字符。请将该文件保存为 Unicode 格式以防止数据丢失
F:\A3-git_repos\SOCKET\depends\includes\CELLServer.hpp(1,1): warning C4819: 该文件包含不能在当前代码页(936)中表示的字符。请将该文件保存为 Unicode 格式以防止数据丢失
F:\A3-git_repos\SOCKET\depends\includes\CELLMsgStream.hpp(65,1): warning C4267: “参数”: 从“size_t”转换到“uint32_t”，可能丢失数据
F:\A3-git_repos\SOCKET\depends\includes\CELLMsgStream.hpp(70,1): warning C4267: “参数”: 从“size_t”转换到“uint32_t”，可能丢失数据
F:\A3-git_repos\SOCKET\depends\includes\CELLStream.hpp(83,1): warning C4267: “参数”: 从“size_t”转换到“int”，可能丢失数据
F:\A3-git_repos\SOCKET\depends\includes\CELLStream.hpp(134): message : 查看对正在编译的函数 模板 实例化“bool CELLStream::Read<int8_t>(T &,bool)”的引用
          with
          [
              T=int8_t
          ]
F:\A3-git_repos\SOCKET\depends\includes\CELLStream.hpp(89,1): warning C4267: “参数”: 从“size_t”转换到“int”，可能丢失数据
F:\A3-git_repos\SOCKET\depends\includes\CELLStream.hpp(218,1): warning C4267: “参数”: 从“size_t”转换到“int”，可能丢失数据
F:\A3-git_repos\SOCKET\depends\includes\CELLStream.hpp(252): message : 查看对正在编译的函数 模板 实例化“bool CELLStream::Write<int8_t>(T)”的引用
          with
          [
              T=int8_t
          ]
F:\A3-git_repos\SOCKET\depends\includes\CELLStream.hpp(223,1): warning C4267: “参数”: 从“size_t”转换到“int”，可能丢失数据
F:\A3-git_repos\SOCKET\depends\includes\CELLStream.hpp(235,1): warning C4267: “参数”: 从“size_t”转换到“int”，可能丢失数据
F:\A3-git_repos\SOCKET\depends\includes\CELLMsgStream.hpp(60): message : 查看对正在编译的函数 模板 实例化“bool CELLStream::WriteArray<const char>(T *,uint32_t)”的引用
          with
          [
              T=const char
          ]
F:\A3-git_repos\SOCKET\depends\includes\CELLStream.hpp(242,1): warning C4267: “参数”: 从“size_t”转换到“int”，可能丢失数据
F:\A3-git_repos\SOCKET\depends\includes\CELLStream.hpp(116,1): warning C4267: “参数”: 从“size_t”转换到“int”，可能丢失数据
F:\A3-git_repos\SOCKET\EasyTcpServer1.1\server1.1.cpp(90): message : 查看对正在编译的函数 模板 实例化“uint32_t CELLStream::ReadArray<char>(T *,uint32_t)”的引用
          with
          [
              T=char
          ]
F:\A3-git_repos\SOCKET\depends\includes\CELLStream.hpp(123,1): warning C4267: “参数”: 从“size_t”转换到“int”，可能丢失数据
  正在生成代码
  Previous IPDB not found, fall back to full compilation.
  All 1260 functions were compiled because no usable IPDB/IOBJ from previous compilation was found.
  已完成代码的生成
  EasyTcpServer1.1.vcxproj -> F:\A3-git_repos\SOCKET\bin\x64\Release\EasyTcpServer1.1.exe
